Loaded 101 CVEs from cve_summary.csv
NVD API key: NO (slower rate limits)
[1/101] CVE-2025-55182: FOUND | lead_days=-3.165
[2/101] CVE-2026-25253: FOUND | lead_days=-6.538
[3/101] CVE-2026-29000: FOUND | lead_days=-0.656
[4/101] CVE-2026-22729: FOUND | lead_days=-0.583
[5/101] CVE-2026-22730: FOUND | lead_days=-0.583
[6/101] CVE-2026-3888: FOUND | lead_days=-1.432
[7/101] CVE-2025-66478: FOUND | lead_days=-20.503
[8/101] CVE-2025-68260: FOUND | lead_days=-1.131
[9/101] CVE-2026-1731: FOUND | lead_days=-2.927
[10/101] CVE-2026-20841: FOUND | lead_days=-0.732
[11/101] CVE-2026-22039: FOUND | lead_days=-17.268
[12/101] CVE-2026-22557: FOUND | lead_days=0.626
[13/101] CVE-2026-2441: FOUND | lead_days=-1.643
[14/101] CVE-2026-27022: FOUND | lead_days=-26.89
[15/101] CVE-2026-27509: FOUND | lead_days=0.05
[16/101] CVE-2026-27510: FOUND | lead_days=0.05
[17/101] CVE-2026-28277: FOUND | lead_days=-13.973
[18/101] CVE-2026-28500: FOUND | lead_days=-3.777
[19/101] CVE-2026-3055: FOUND | lead_days=-4.974
[20/101] CVE-2026-32746: FOUND | lead_days=-5.181
[21/101] CVE-2026-33017: FOUND | lead_days=-2.486
[22/101] CVE-2019-18634: FOUND | lead_days=-2221.601
[23/101] CVE-2020-26262: FOUND | lead_days=-1855.631
[24/101] CVE-2021-28372: FOUND | lead_days=-1660.735
[25/101] CVE-2021-4034: FOUND | lead_days=-1508.184
[26/101] CVE-2022-27624: FOUND | lead_days=-1232.401
[27/101] CVE-2022-38694: FOUND | lead_days=-119.245
[28/101] CVE-2023-28303: FOUND | lead_days=-972.655
[29/101] CVE-2023-39910: FOUND | lead_days=-877.422
[30/101] CVE-2023-49356: FOUND | lead_days=-781.289
[31/101] CVE-2024-0057: FOUND | lead_days=-780.03
[32/101] CVE-2024-28224: FOUND | lead_days=-717.059
[33/101] CVE-2024-37032: FOUND | lead_days=-664.684
[34/101] CVE-2024-45163: FOUND | lead_days=-570.097
[35/101] CVE-2025-11757: FOUND | lead_days=-139.983
[36/101] CVE-2025-14436: FOUND | lead_days=-20.195
[37/101] CVE-2025-15579: FOUND | lead_days=1.658
[38/101] CVE-2025-20080: FOUND | lead_days=-32.68
[39/101] CVE-2025-27708: FOUND | lead_days=-32.68
[40/101] CVE-2025-29969: FOUND | lead_days=-282.78
[41/101] CVE-2025-32008: FOUND | lead_days=-32.68
[42/101] CVE-2025-32434: FOUND | lead_days=-334.466
[43/101] CVE-2025-38617: FOUND | lead_days=-196.352
[44/101] CVE-2025-48593: FOUND | lead_days=-41.37
[45/101] CVE-2025-49796: FOUND | lead_days=-175.697
[46/101] CVE-2025-5278: FOUND | lead_days=-250.722
[47/101] CVE-2025-53109: FOUND | lead_days=-259.903
[48/101] CVE-2025-58367: FOUND | lead_days=-194.813
[49/101] CVE-2025-59284: FOUND | lead_days=-154.096
[50/101] CVE-2025-59472: FOUND | lead_days=-47.653
[51/101] CVE-2025-64756: FOUND | lead_days=-61.925
[52/101] CVE-2025-6514: FOUND | lead_days=-211.343
[53/101] CVE-2025-66413: FOUND | lead_days=-6.952
[54/101] CVE-2025-8110: FOUND | lead_days=-1.77
[55/101] CVE-2025-9615: FOUND | lead_days=29.881
[56/101] CVE-2026-0714: FOUND | lead_days=-13.932
[57/101] CVE-2026-0915: FOUND | lead_days=-2.868
[58/101] CVE-2026-12345: NOT_FOUND | lead_days=
[59/101] CVE-2026-20122: FOUND | lead_days=-8.532
[60/101] CVE-2026-20127: FOUND | lead_days=-8.532
[61/101] CVE-2026-20128: FOUND | lead_days=-8.532
[62/101] CVE-2026-20131: FOUND | lead_days=-18.856
[63/101] CVE-2026-2033: FOUND | lead_days=-26.849
[64/101] CVE-2026-21902: FOUND | lead_days=-5.828
[65/101] CVE-2026-21992: FOUND | lead_days=-0.181
[66/101] CVE-2026-22558: FOUND | lead_days=0.626
[67/101] CVE-2026-22732: FOUND | lead_days=-6.211
[68/101] CVE-2026-22778: FOUND | lead_days=-44.849
[69/101] CVE-2026-23550: FOUND | lead_days=-66.297
[70/101] CVE-2026-23813: FOUND | lead_days=-1.185
[71/101] CVE-2026-23814: FOUND | lead_days=-1.185
[72/101] CVE-2026-23815: FOUND | lead_days=-1.185
[73/101] CVE-2026-23816: FOUND | lead_days=-1.185
[74/101] CVE-2026-23817: FOUND | lead_days=-1.185
[75/101] CVE-2026-24747: FOUND | lead_days=-50.89
[76/101] CVE-2026-25554: FOUND | lead_days=-21.806
[77/101] CVE-2026-25784: NOT_FOUND | lead_days=
[78/101] CVE-2026-26117: FOUND | lead_days=-0.5
[79/101] CVE-2026-26118: FOUND | lead_days=-16.039
[80/101] CVE-2026-2635: FOUND | lead_days=-26.849
[81/101] CVE-2026-27624: FOUND | lead_days=-0.95
[82/101] CVE-2026-27952: FOUND | lead_days=-21.723
[83/101] CVE-2026-27961: FOUND | lead_days=-21.723
[84/101] CVE-2026-27966: FOUND | lead_days=-21.796
[85/101] CVE-2026-28292: FOUND | lead_days=-0.49
[86/101] CVE-2026-28373: NOT_FOUND | lead_days=
[87/101] CVE-2026-2850: FOUND | lead_days=-29.104
[88/101] CVE-2026-28514: FOUND | lead_days=-2.918
[89/101] CVE-2026-30820: FOUND | lead_days=-12.598
[90/101] CVE-2026-31829: FOUND | lead_days=-8.89
[91/101] CVE-2026-31861: FOUND | lead_days=-8.057
[92/101] CVE-2026-31862: FOUND | lead_days=-8.057
[93/101] CVE-2026-31975: FOUND | lead_days=-8.057
[94/101] CVE-2026-32247: FOUND | lead_days=-7.088
[95/101] CVE-2026-33056: FOUND | lead_days=-3.206
[96/101] CVE-2026-33058: FOUND | lead_days=-1.209
[97/101] CVE-2026-33068: FOUND | lead_days=-0.35
[98/101] CVE-2026-33634: FOUND | lead_days=-2.019
[99/101] CVE-2026-33656: NOT_FOUND | lead_days=
[100/101] CVE-2026-3564: FOUND | lead_days=-2.42
[101/101] CVE-2026-3906: FOUND | lead_days=-10.255

DONE
Wrote: cve_lead_time.csv (101 rows)
Wrote: nvd_fetch_failures.csv (0 failures)

Top 10 by lead_days (if available):
- CVE-2025-9615 | lead_days=29.881 | earliest=2025-12-27T23:06:55+00:00 | nvd=2026-01-26T20:16:09.207
- CVE-2025-15579 | lead_days=1.658 | earliest=2026-02-17T00:34:23+00:00 | nvd=2026-02-18T16:22:28.290
- CVE-2026-22557 | lead_days=0.626 | earliest=2026-03-19T00:14:39+00:00 | nvd=2026-03-19T15:16:23.533
- CVE-2026-22558 | lead_days=0.626 | earliest=2026-03-19T00:14:39+00:00 | nvd=2026-03-19T15:16:23.697
- CVE-2026-27509 | lead_days=0.05 | earliest=2026-02-26T19:19:02+00:00 | nvd=2026-02-26T20:31:38.447
- CVE-2026-27510 | lead_days=0.05 | earliest=2026-02-26T19:19:02+00:00 | nvd=2026-02-26T20:31:38.663
- CVE-2026-21992 | lead_days=-0.181 | earliest=2026-03-20T07:36:41+00:00 | nvd=2026-03-20T03:15:58.680
- CVE-2026-33068 | lead_days=-0.35 | earliest=2026-03-20T17:40:56+00:00 | nvd=2026-03-20T09:16:15.017
- CVE-2026-28292 | lead_days=-0.49 | earliest=2026-03-11T07:02:46+00:00 | nvd=2026-03-10T19:17:20.840
- CVE-2026-26117 | lead_days=-0.5 | earliest=2026-03-11T06:18:23+00:00 | nvd=2026-03-10T18:18:41.017
